2024-06-12 12:18:55,989 - CCTVVideoDownload - INFO - 程序初始化...
2024-06-12 12:18:55,989 - CCTVVideoDownload - INFO - 加载主UI...
2024-06-12 12:18:56,365 - CCTVVideoDownload - ERROR - 读取配置文件失败
2024-06-12 12:18:56,365 - CCTVVideoDownload - ERROR - 错误详情:Expecting value: line 1 column 1 (char 0)
2024-06-12 12:18:56,365 - CCTVVideoDownload - CRITICAL - 程序异常退出
2024-06-12 12:18:56,365 - CCTVVideoDownload - CRITICAL - 错误详情:Expecting value: line 1 column 1 (char 0)
2024-06-12 12:24:42,446 - CCTVVideoDownload - INFO - 程序初始化...
2024-06-12 12:24:42,447 - CCTVVideoDownload - INFO - 加载主UI...
2024-06-12 12:24:42,816 - CCTVVideoDownload - ERROR - 读取配置文件失败
2024-06-12 12:24:42,816 - CCTVVideoDownload - ERROR - 错误详情:Expecting value: line 1 column 1 (char 0)
2024-06-12 12:24:42,816 - CCTVVideoDownload - CRITICAL - 程序异常退出
2024-06-12 12:24:42,816 - CCTVVideoDownload - CRITICAL - 错误详情:Expecting value: line 1 column 1 (char 0)
2024-06-12 12:25:23,744 - CCTVVideoDownload - INFO - 程序初始化...
2024-06-12 12:25:23,744 - CCTVVideoDownload - INFO - 加载主UI...
2024-06-12 12:25:24,075 - CCTVVideoDownload - ERROR - 读取配置文件失败
2024-06-12 12:25:24,075 - CCTVVideoDownload - ERROR - 错误详情:Expecting value: line 1 column 1 (char 0)
2024-06-12 12:25:24,075 - CCTVVideoDownload - CRITICAL - 程序异常退出
2024-06-12 12:25:24,075 - CCTVVideoDownload - CRITICAL - 错误详情:Expecting value: line 1 column 1 (char 0)
2024-06-12 12:26:45,901 - CCTVVideoDownload - INFO - 程序初始化...
2024-06-12 12:26:45,901 - CCTVVideoDownload - INFO - 加载主UI...
2024-06-12 12:26:46,284 - CCTVVideoDownload - WARNING - 配置文件不存在
2024-06-12 12:26:46,285 - CCTVVideoDownload - INFO - 创建配置文件成功
2024-06-12 12:26:46,294 - CCTVVideoDownload - ERROR - 读取配置文件失败
2024-06-12 12:26:46,294 - CCTVVideoDownload - ERROR - 错误详情:Expecting value: line 1 column 1 (char 0)
2024-06-12 12:26:46,294 - CCTVVideoDownload - CRITICAL - 程序异常退出
2024-06-12 12:26:46,294 - CCTVVideoDownload - CRITICAL - 错误详情:Expecting value: line 1 column 1 (char 0)
2024-06-12 12:27:23,809 - CCTVVideoDownload - INFO - 程序初始化...
2024-06-12 12:27:23,809 - CCTVVideoDownload - INFO - 加载主UI...
2024-06-12 12:27:24,183 - CCTVVideoDownload - ERROR - 读取配置文件失败
2024-06-12 12:27:24,183 - CCTVVideoDownload - ERROR - 错误详情:Expecting value: line 1 column 1 (char 0)
2024-06-12 12:27:24,183 - CCTVVideoDownload - CRITICAL - 程序异常退出
2024-06-12 12:27:24,183 - CCTVVideoDownload - CRITICAL - 错误详情:Expecting value: line 1 column 1 (char 0)
2024-06-12 12:27:33,378 - CCTVVideoDownload - INFO - 程序初始化...
2024-06-12 12:27:33,378 - CCTVVideoDownload - INFO - 加载主UI...
2024-06-12 12:27:33,746 - CCTVVideoDownload - WARNING - 配置文件不存在
2024-06-12 12:27:33,746 - CCTVVideoDownload - INFO - 创建配置文件成功
2024-06-12 12:27:33,758 - CCTVVideoDownload - ERROR - 读取配置文件失败
2024-06-12 12:27:33,758 - CCTVVideoDownload - ERROR - 错误详情:Expecting property name enclosed in double quotes: line 1 column 2 (char 1)
2024-06-12 12:27:33,758 - CCTVVideoDownload - CRITICAL - 程序异常退出
2024-06-12 12:27:33,758 - CCTVVideoDownload - CRITICAL - 错误详情:Expecting property name enclosed in double quotes: line 1 column 2 (char 1)
2024-06-12 12:29:13,132 - CCTVVideoDownload - INFO - 程序初始化...
2024-06-12 12:29:13,132 - CCTVVideoDownload - INFO - 加载主UI...
2024-06-12 12:29:13,515 - CCTVVideoDownload - WARNING - 配置文件不存在
2024-06-12 12:29:13,515 - CCTVVideoDownload - INFO - 创建配置文件成功
2024-06-12 12:29:13,528 - CCTVVideoDownload - INFO - 读取配置文件成功
2024-06-12 12:29:13,588 - CCTVVideoDownload - INFO - 程序初始化完成
2024-06-12 12:29:48,462 - CCTVVideoDownload - INFO - 程序初始化...
2024-06-12 12:29:48,462 - CCTVVideoDownload - INFO - 加载主UI...
2024-06-12 12:29:48,861 - CCTVVideoDownload - WARNING - 配置文件不存在
2024-06-12 12:29:48,869 - CCTVVideoDownload - ERROR - 创建配置文件失败
2024-06-12 12:29:48,869 - CCTVVideoDownload - ERROR - 错误详情:dump() missing 1 required positional argument: 'fp'
2024-06-12 12:29:48,869 - CCTVVideoDownload - CRITICAL - 程序异常退出
2024-06-12 12:29:48,869 - CCTVVideoDownload - CRITICAL - 错误详情:dump() missing 1 required positional argument: 'fp'
2024-06-12 12:30:02,685 - CCTVVideoDownload - INFO - 程序初始化...
2024-06-12 12:30:02,685 - CCTVVideoDownload - INFO - 加载主UI...
2024-06-12 12:30:03,066 - CCTVVideoDownload - WARNING - 配置文件不存在
2024-06-12 12:30:03,067 - CCTVVideoDownload - INFO - 创建配置文件成功
2024-06-12 12:30:03,075 - CCTVVideoDownload - INFO - 读取配置文件成功
2024-06-12 12:30:03,120 - CCTVVideoDownload - INFO - 程序初始化完成
2024-06-12 12:30:25,554 - CCTVVideoDownload - INFO - 程序初始化...
2024-06-12 12:30:25,554 - CCTVVideoDownload - INFO - 加载主UI...
2024-06-12 12:30:25,936 - CCTVVideoDownload - INFO - 读取配置文件成功
2024-06-12 12:30:25,980 - CCTVVideoDownload - INFO - 程序初始化完成
2024-06-12 12:31:52,650 - CCTVVideoDownload - INFO - 程序初始化...
2024-06-12 12:31:52,650 - CCTVVideoDownload - INFO - 加载主UI...
2024-06-12 12:31:53,013 - CCTVVideoDownload - ERROR - 读取配置文件失败
2024-06-12 12:31:53,013 - CCTVVideoDownload - DEBUG - 错误详情:'settings'
2024-06-12 12:31:53,013 - CCTVVideoDownload - CRITICAL - 程序异常退出
2024-06-12 12:31:53,013 - CCTVVideoDownload - CRITICAL - 错误详情:'settings'
2024-06-12 13:45:47,853 - CCTVVideoDownload - INFO - 程序初始化...
2024-06-12 13:45:47,854 - CCTVVideoDownload - INFO - 加载主UI...
2024-06-12 13:45:49,059 - CCTVVideoDownload - ERROR - 读取配置文件失败
2024-06-12 13:45:49,059 - CCTVVideoDownload - DEBUG - 错误详情:'settings'
2024-06-12 13:45:49,059 - CCTVVideoDownload - CRITICAL - 程序异常退出
2024-06-12 13:45:49,059 - CCTVVideoDownload - CRITICAL - 错误详情:'settings'
2024-06-12 13:46:01,766 - CCTVVideoDownload - INFO - 程序初始化...
2024-06-12 13:46:01,766 - CCTVVideoDownload - INFO - 加载主UI...
2024-06-12 13:46:02,507 - CCTVVideoDownload - WARNING - 配置文件不存在
2024-06-12 13:46:02,507 - CCTVVideoDownload - INFO - 创建配置文件成功
2024-06-12 13:46:02,509 - CCTVVideoDownload - INFO - 读取配置文件成功
2024-06-12 13:46:02,553 - CCTVVideoDownload - INFO - 程序初始化完成
2024-06-12 13:50:22,616 - CCTVVideoDownload - INFO - 程序初始化...
2024-06-12 13:50:22,617 - CCTVVideoDownload - INFO - 加载主UI...
2024-06-12 13:50:23,266 - CCTVVideoDownload - INFO - 读取配置文件成功
2024-06-12 13:50:23,311 - CCTVVideoDownload - INFO - 程序初始化完成
