2024-06-27 17:49:49,546 - CCTVVideoDownloader - INFO - 程序初始化...
2024-06-27 17:49:49,546 - CCTVVideoDownloader - INFO - 加载主UI...
2024-06-27 17:49:50,115 - CCTVVideoDownloader - INFO - 读取配置文件成功
2024-06-27 17:49:50,115 - CCTVVideoDownloader - INFO - 刷新节目列表...
2024-06-27 17:49:50,115 - CCTVVideoDownloader - INFO - 读取配置文件成功
2024-06-27 17:49:50,115 - CCTVVideoDownloader - INFO - 栏目列表刷新完成
2024-06-27 17:49:50,186 - CCTVVideoDownloader - INFO - 程序初始化完成
2024-06-27 17:49:54,524 - CCTVVideoDownloader - INFO - 选中栏目:新闻周刊
2024-06-27 17:49:54,533 - CCTVVideoDownloader - INFO - 刷新视频列表...
2024-06-27 17:49:54,715 - CCTVVideoDownloader - INFO - 视频列表刷新完成
2024-06-27 17:49:56,098 - CCTVVideoDownloader - INFO - 选中节目索引:0
2024-06-27 17:49:56,930 - CCTVVideoDownloader - INFO - 开始下载
2024-06-27 17:49:56,932 - CCTVVideoDownloader - INFO - 使用线程数:5
2024-06-27 17:50:44,399 - CCTVVideoDownloader - INFO - 程序初始化...
2024-06-27 17:50:44,400 - CCTVVideoDownloader - INFO - 加载主UI...
2024-06-27 17:50:44,838 - CCTVVideoDownloader - INFO - 读取配置文件成功
2024-06-27 17:50:44,838 - CCTVVideoDownloader - INFO - 刷新节目列表...
2024-06-27 17:50:44,838 - CCTVVideoDownloader - INFO - 读取配置文件成功
2024-06-27 17:50:44,839 - CCTVVideoDownloader - INFO - 栏目列表刷新完成
2024-06-27 17:50:44,937 - CCTVVideoDownloader - INFO - 程序初始化完成
2024-06-27 17:50:45,612 - CCTVVideoDownloader - INFO - 选中栏目:新闻周刊
2024-06-27 17:50:45,612 - CCTVVideoDownloader - INFO - 刷新视频列表...
2024-06-27 17:50:45,841 - CCTVVideoDownloader - INFO - 视频列表刷新完成
2024-06-27 17:50:46,577 - CCTVVideoDownloader - INFO - 选中节目索引:2
2024-06-27 17:50:47,268 - CCTVVideoDownloader - INFO - 开始下载
2024-06-27 17:50:47,269 - CCTVVideoDownloader - INFO - 使用线程数:5
2024-06-27 17:54:38,436 - CCTVVideoDownloader - INFO - 程序初始化...
2024-06-27 17:54:38,437 - CCTVVideoDownloader - INFO - 加载主UI...
2024-06-27 17:54:38,881 - CCTVVideoDownloader - INFO - 读取配置文件成功
2024-06-27 17:54:38,881 - CCTVVideoDownloader - INFO - 刷新节目列表...
2024-06-27 17:54:38,881 - CCTVVideoDownloader - INFO - 读取配置文件成功
2024-06-27 17:54:38,881 - CCTVVideoDownloader - INFO - 栏目列表刷新完成
2024-06-27 17:54:38,955 - CCTVVideoDownloader - INFO - 程序初始化完成
2024-06-27 17:54:39,912 - CCTVVideoDownloader - INFO - 选中栏目:新闻周刊
2024-06-27 17:54:39,912 - CCTVVideoDownloader - INFO - 刷新视频列表...
2024-06-27 17:54:40,139 - CCTVVideoDownloader - INFO - 视频列表刷新完成
2024-06-27 17:54:40,820 - CCTVVideoDownloader - INFO - 选中节目索引:0
2024-06-27 17:54:41,642 - CCTVVideoDownloader - INFO - 开始下载
2024-06-27 17:54:41,642 - CCTVVideoDownloader - INFO - 使用线程数:5
2024-06-27 17:54:59,163 - CCTVVideoDownloader - INFO - 下载完成
2024-06-27 17:54:59,185 - CCTVVideoDownloader - INFO - 开始视频拼接
2024-06-27 17:54:59,212 - CCTVVideoDownloader - INFO - 下载完成
2024-06-27 17:54:59,212 - CCTVVideoDownloader - INFO - 开始视频拼接
2024-06-27 18:16:03,681 - CCTVVideoDownloader - INFO - 程序初始化...
2024-06-27 18:16:03,681 - CCTVVideoDownloader - INFO - 加载主UI...
2024-06-27 18:16:04,155 - CCTVVideoDownloader - INFO - 读取配置文件成功
2024-06-27 18:16:04,155 - CCTVVideoDownloader - INFO - 刷新节目列表...
2024-06-27 18:16:04,155 - CCTVVideoDownloader - INFO - 读取配置文件成功
2024-06-27 18:16:04,155 - CCTVVideoDownloader - INFO - 栏目列表刷新完成
2024-06-27 18:16:04,230 - CCTVVideoDownloader - INFO - 程序初始化完成
2024-06-27 18:16:05,219 - CCTVVideoDownloader - INFO - 选中栏目:世界周刊
2024-06-27 18:16:05,219 - CCTVVideoDownloader - INFO - 刷新视频列表...
2024-06-27 18:16:05,459 - CCTVVideoDownloader - INFO - 视频列表刷新完成
2024-06-27 18:16:05,875 - CCTVVideoDownloader - INFO - 选中节目索引:0
2024-06-27 18:16:06,485 - CCTVVideoDownloader - INFO - 开始下载
2024-06-27 18:16:06,485 - CCTVVideoDownloader - INFO - 使用线程数:5
2024-06-27 18:16:24,376 - CCTVVideoDownloader - INFO - 下载完成
2024-06-27 18:16:24,395 - CCTVVideoDownloader - INFO - 开始视频拼接
2024-06-27 18:16:24,419 - CCTVVideoDownloader - INFO - 下载完成
2024-06-27 18:16:24,419 - CCTVVideoDownloader - INFO - 开始视频拼接
2024-06-27 18:54:52,897 - CCTVVideoDownloader - INFO - 程序初始化...
2024-06-27 18:54:52,897 - CCTVVideoDownloader - INFO - 加载主UI...
2024-06-27 18:54:53,389 - CCTVVideoDownloader - INFO - 读取配置文件成功
2024-06-27 18:54:53,390 - CCTVVideoDownloader - INFO - 刷新节目列表...
2024-06-27 18:54:53,390 - CCTVVideoDownloader - INFO - 读取配置文件成功
2024-06-27 18:54:53,390 - CCTVVideoDownloader - INFO - 栏目列表刷新完成
2024-06-27 18:54:53,492 - CCTVVideoDownloader - INFO - 程序初始化完成
2024-06-27 18:54:54,881 - CCTVVideoDownloader - INFO - 选中栏目:新闻周刊
2024-06-27 18:54:54,881 - CCTVVideoDownloader - INFO - 刷新视频列表...
2024-06-27 18:54:55,092 - CCTVVideoDownloader - INFO - 视频列表刷新完成
2024-06-27 18:54:55,579 - CCTVVideoDownloader - INFO - 选中节目索引:0
2024-06-27 18:54:57,345 - CCTVVideoDownloader - INFO - 开始下载
2024-06-27 18:54:57,346 - CCTVVideoDownloader - INFO - 使用线程数:5
2024-06-27 18:55:05,104 - CCTVVideoDownloader - INFO - 选中栏目:世界周刊
2024-06-27 18:55:05,104 - CCTVVideoDownloader - INFO - 刷新视频列表...
2024-06-27 18:55:05,581 - CCTVVideoDownloader - INFO - 视频列表刷新完成
2024-06-27 18:55:06,206 - CCTVVideoDownloader - INFO - 选中节目索引:1
2024-06-27 18:55:07,169 - CCTVVideoDownloader - INFO - 开始下载
2024-06-27 18:55:07,169 - CCTVVideoDownloader - INFO - 使用线程数:5
2024-06-27 19:38:06,161 - CCTVVideoDownloader - INFO - 程序初始化...
2024-06-27 19:38:06,161 - CCTVVideoDownloader - INFO - 加载主UI...
2024-06-27 19:38:07,662 - CCTVVideoDownloader - INFO - 读取配置文件成功
2024-06-27 19:38:07,662 - CCTVVideoDownloader - INFO - 刷新节目列表...
2024-06-27 19:38:07,662 - CCTVVideoDownloader - INFO - 读取配置文件成功
2024-06-27 19:38:07,662 - CCTVVideoDownloader - INFO - 栏目列表刷新完成
2024-06-27 19:38:07,745 - CCTVVideoDownloader - INFO - 程序初始化完成
2024-06-27 19:38:09,312 - CCTVVideoDownloader - INFO - 选中栏目:今日说法
2024-06-27 19:38:09,313 - CCTVVideoDownloader - INFO - 刷新视频列表...
2024-06-27 19:38:09,668 - CCTVVideoDownloader - INFO - 视频列表刷新完成
2024-06-27 19:38:10,039 - CCTVVideoDownloader - INFO - 选中节目索引:0
2024-06-27 19:38:10,590 - CCTVVideoDownloader - INFO - 开始下载
2024-06-27 19:38:10,590 - CCTVVideoDownloader - INFO - 使用线程数:5
2024-06-27 19:38:25,660 - CCTVVideoDownloader - INFO - 下载完成
2024-06-27 19:38:25,678 - CCTVVideoDownloader - INFO - 开始视频拼接
2024-06-27 19:38:25,688 - CCTVVideoDownloader - INFO - 下载完成
2024-06-27 19:38:25,688 - CCTVVideoDownloader - INFO - 开始视频拼接
2024-06-27 19:38:39,630 - CCTVVideoDownloader - INFO - 视频拼接完成
2024-06-27 19:38:39,644 - CCTVVideoDownloader - INFO - 视频拼接完成
2024-06-27 19:38:39,644 - CCTVVideoDownloader - INFO - 视频拼接完成
2024-06-27 19:38:39,644 - CCTVVideoDownloader - INFO - 视频拼接完成
2024-06-27 20:00:23,405 - CCTVVideoDownloader - INFO - 程序初始化...
2024-06-27 20:00:23,405 - CCTVVideoDownloader - INFO - 加载主UI...
2024-06-27 20:00:23,868 - CCTVVideoDownloader - INFO - 读取配置文件成功
2024-06-27 20:00:23,868 - CCTVVideoDownloader - INFO - 刷新节目列表...
2024-06-27 20:00:23,868 - CCTVVideoDownloader - INFO - 读取配置文件成功
2024-06-27 20:00:23,868 - CCTVVideoDownloader - INFO - 栏目列表刷新完成
2024-06-27 20:00:23,978 - CCTVVideoDownloader - INFO - 程序初始化完成
2024-06-27 20:00:25,101 - CCTVVideoDownloader - INFO - 选中栏目:今日说法
2024-06-27 20:00:25,101 - CCTVVideoDownloader - INFO - 刷新视频列表...
2024-06-27 20:00:25,425 - CCTVVideoDownloader - INFO - 视频列表刷新完成
2024-06-27 20:00:26,301 - CCTVVideoDownloader - INFO - 选中节目索引:0
2024-06-27 20:00:26,839 - CCTVVideoDownloader - INFO - 开始下载
2024-06-27 20:00:26,839 - CCTVVideoDownloader - INFO - 使用线程数:5
2024-06-27 20:00:41,372 - CCTVVideoDownloader - INFO - 下载完成
2024-06-27 20:00:41,403 - CCTVVideoDownloader - INFO - 开始视频拼接
2024-06-27 20:00:41,430 - CCTVVideoDownloader - INFO - 下载完成
2024-06-27 20:00:41,430 - CCTVVideoDownloader - INFO - 开始视频拼接
2024-06-27 20:00:43,121 - CCTVVideoDownloader - INFO - 视频拼接完成
2024-06-27 20:00:43,139 - CCTVVideoDownloader - INFO - 视频拼接完成
2024-06-27 20:00:43,139 - CCTVVideoDownloader - INFO - 视频拼接完成
2024-06-27 20:00:43,139 - CCTVVideoDownloader - INFO - 视频拼接完成
2024-06-27 20:04:51,904 - CCTVVideoDownloader - INFO - 程序初始化...
2024-06-27 20:04:51,904 - CCTVVideoDownloader - INFO - 加载主UI...
2024-06-27 20:04:52,397 - CCTVVideoDownloader - INFO - 读取配置文件成功
2024-06-27 20:04:52,397 - CCTVVideoDownloader - INFO - 刷新节目列表...
2024-06-27 20:04:52,397 - CCTVVideoDownloader - INFO - 读取配置文件成功
2024-06-27 20:04:52,398 - CCTVVideoDownloader - INFO - 栏目列表刷新完成
2024-06-27 20:04:52,490 - CCTVVideoDownloader - INFO - 程序初始化完成
2024-06-27 20:04:54,457 - CCTVVideoDownloader - INFO - 选中栏目:《百家讲坛》
2024-06-27 20:04:54,458 - CCTVVideoDownloader - INFO - 刷新视频列表...
2024-06-27 20:04:54,781 - CCTVVideoDownloader - INFO - 视频列表刷新完成
2024-06-27 20:04:55,253 - CCTVVideoDownloader - INFO - 选中节目索引:0
2024-06-27 20:04:56,197 - CCTVVideoDownloader - INFO - 开始下载
2024-06-27 20:04:56,197 - CCTVVideoDownloader - INFO - 使用线程数:5
2024-06-27 20:05:12,371 - CCTVVideoDownloader - INFO - 下载完成
2024-06-27 20:05:12,397 - CCTVVideoDownloader - INFO - 开始视频拼接
2024-06-27 20:05:12,428 - CCTVVideoDownloader - INFO - 下载完成
2024-06-27 20:05:12,429 - CCTVVideoDownloader - INFO - 开始视频拼接
2024-06-27 20:05:15,048 - CCTVVideoDownloader - INFO - 视频拼接完成
2024-06-27 20:05:15,076 - CCTVVideoDownloader - INFO - 视频拼接完成
2024-06-27 20:05:15,076 - CCTVVideoDownloader - INFO - 视频拼接完成
2024-06-27 20:05:15,076 - CCTVVideoDownloader - INFO - 视频拼接完成
2024-06-27 20:06:17,776 - CCTVVideoDownloader - INFO - 程序初始化...
2024-06-27 20:06:17,776 - CCTVVideoDownloader - INFO - 加载主UI...
2024-06-27 20:06:18,271 - CCTVVideoDownloader - INFO - 读取配置文件成功
2024-06-27 20:06:18,271 - CCTVVideoDownloader - INFO - 刷新节目列表...
2024-06-27 20:06:18,271 - CCTVVideoDownloader - INFO - 读取配置文件成功
2024-06-27 20:06:18,271 - CCTVVideoDownloader - INFO - 栏目列表刷新完成
2024-06-27 20:06:18,389 - CCTVVideoDownloader - INFO - 程序初始化完成
2024-06-27 20:06:19,132 - CCTVVideoDownloader - INFO - 选中栏目:新闻周刊
2024-06-27 20:06:19,132 - CCTVVideoDownloader - INFO - 刷新视频列表...
2024-06-27 20:06:19,429 - CCTVVideoDownloader - INFO - 视频列表刷新完成
2024-06-27 20:06:19,801 - CCTVVideoDownloader - INFO - 选中节目索引:1
2024-06-27 20:06:20,179 - CCTVVideoDownloader - INFO - 选中节目索引:0
2024-06-27 20:06:36,377 - CCTVVideoDownloader - INFO - 开始下载
2024-06-27 20:06:36,377 - CCTVVideoDownloader - INFO - 使用线程数:5
2024-06-27 20:07:00,084 - CCTVVideoDownloader - INFO - 下载完成
2024-06-27 20:07:00,113 - CCTVVideoDownloader - INFO - 开始视频拼接
2024-06-27 20:07:00,138 - CCTVVideoDownloader - INFO - 下载完成
2024-06-27 20:07:00,138 - CCTVVideoDownloader - INFO - 开始视频拼接
2024-06-27 20:09:56,594 - CCTVVideoDownloader - INFO - 程序初始化...
2024-06-27 20:09:56,595 - CCTVVideoDownloader - INFO - 加载主UI...
2024-06-27 20:09:57,137 - CCTVVideoDownloader - INFO - 读取配置文件成功
2024-06-27 20:09:57,137 - CCTVVideoDownloader - INFO - 刷新节目列表...
2024-06-27 20:09:57,137 - CCTVVideoDownloader - INFO - 读取配置文件成功
2024-06-27 20:09:57,137 - CCTVVideoDownloader - INFO - 栏目列表刷新完成
2024-06-27 20:09:57,241 - CCTVVideoDownloader - INFO - 程序初始化完成
2024-06-27 20:09:58,641 - CCTVVideoDownloader - INFO - 选中栏目:新闻周刊
2024-06-27 20:09:58,641 - CCTVVideoDownloader - INFO - 刷新视频列表...
2024-06-27 20:09:58,818 - CCTVVideoDownloader - INFO - 视频列表刷新完成
2024-06-27 20:09:59,239 - CCTVVideoDownloader - INFO - 选中节目索引:0
2024-06-27 20:09:59,765 - CCTVVideoDownloader - INFO - 开始下载
2024-06-27 20:09:59,765 - CCTVVideoDownloader - INFO - 使用线程数:5
2024-06-27 20:10:20,728 - CCTVVideoDownloader - INFO - 下载完成
2024-06-27 20:10:20,749 - CCTVVideoDownloader - INFO - 开始视频拼接
2024-06-27 20:10:20,772 - CCTVVideoDownloader - INFO - 下载完成
2024-06-27 20:10:20,772 - CCTVVideoDownloader - INFO - 开始视频拼接
2024-06-27 20:11:01,785 - CCTVVideoDownloader - INFO - 程序初始化...
2024-06-27 20:11:01,785 - CCTVVideoDownloader - INFO - 加载主UI...
2024-06-27 20:11:02,213 - CCTVVideoDownloader - INFO - 读取配置文件成功
2024-06-27 20:11:02,213 - CCTVVideoDownloader - INFO - 刷新节目列表...
2024-06-27 20:11:02,213 - CCTVVideoDownloader - INFO - 读取配置文件成功
2024-06-27 20:11:02,213 - CCTVVideoDownloader - INFO - 栏目列表刷新完成
2024-06-27 20:11:02,309 - CCTVVideoDownloader - INFO - 程序初始化完成
2024-06-27 20:11:04,316 - CCTVVideoDownloader - INFO - 选中栏目:新闻周刊
2024-06-27 20:11:04,316 - CCTVVideoDownloader - INFO - 刷新视频列表...
2024-06-27 20:11:04,532 - CCTVVideoDownloader - INFO - 视频列表刷新完成
2024-06-27 20:11:04,910 - CCTVVideoDownloader - INFO - 选中节目索引:0
2024-06-27 20:11:05,432 - CCTVVideoDownloader - INFO - 开始下载
2024-06-27 20:11:05,432 - CCTVVideoDownloader - INFO - 使用线程数:5
2024-06-27 20:11:25,610 - CCTVVideoDownloader - INFO - 下载完成
2024-06-27 20:11:25,629 - CCTVVideoDownloader - INFO - 开始视频拼接
2024-06-27 20:11:25,646 - CCTVVideoDownloader - INFO - 下载完成
2024-06-27 20:11:25,646 - CCTVVideoDownloader - INFO - 开始视频拼接
2024-06-27 20:11:28,337 - CCTVVideoDownloader - INFO - 视频拼接完成
2024-06-27 20:11:28,350 - CCTVVideoDownloader - INFO - 视频拼接完成
2024-06-27 20:11:28,350 - CCTVVideoDownloader - INFO - 视频拼接完成
2024-06-27 20:11:28,350 - CCTVVideoDownloader - INFO - 视频拼接完成
2024-06-27 20:39:28,655 - CCTVVideoDownloader - INFO - 程序初始化...
2024-06-27 20:39:28,655 - CCTVVideoDownloader - INFO - 加载主UI...
2024-06-27 20:39:29,119 - CCTVVideoDownloader - INFO - 读取配置文件成功
2024-06-27 20:39:29,121 - CCTVVideoDownloader - INFO - 刷新节目列表...
2024-06-27 20:39:29,121 - CCTVVideoDownloader - INFO - 读取配置文件成功
2024-06-27 20:39:29,121 - CCTVVideoDownloader - INFO - 栏目列表刷新完成
2024-06-27 20:39:29,236 - CCTVVideoDownloader - INFO - 程序初始化完成
2024-06-27 20:39:30,430 - CCTVVideoDownloader - INFO - 选中栏目:世界周刊
2024-06-27 20:39:30,430 - CCTVVideoDownloader - INFO - 刷新视频列表...
2024-06-27 20:39:30,628 - CCTVVideoDownloader - INFO - 视频列表刷新完成
2024-06-27 20:39:31,604 - CCTVVideoDownloader - INFO - 选中节目索引:0
2024-06-27 20:39:32,210 - CCTVVideoDownloader - INFO - 开始下载
2024-06-27 20:39:32,210 - CCTVVideoDownloader - INFO - 使用线程数:5
2024-06-27 20:39:55,108 - CCTVVideoDownloader - INFO - 下载完成
2024-06-27 20:39:55,131 - CCTVVideoDownloader - INFO - 开始视频拼接
2024-06-27 20:39:55,155 - CCTVVideoDownloader - INFO - 下载完成
2024-06-27 20:39:55,155 - CCTVVideoDownloader - INFO - 开始视频拼接
2024-06-27 20:39:57,789 - CCTVVideoDownloader - INFO - 视频拼接完成
2024-06-27 20:39:57,812 - CCTVVideoDownloader - INFO - 视频拼接完成
2024-06-27 20:39:57,812 - CCTVVideoDownloader - INFO - 视频拼接完成
2024-06-27 20:39:57,812 - CCTVVideoDownloader - INFO - 视频拼接完成
