2024-06-27 17:55:33,060 - CCTVVideoDownloader - INFO - 程序初始化...
2024-06-27 17:55:33,062 - CCTVVideoDownloader - INFO - 加载主UI...
2024-06-27 17:55:33,508 - CCTVVideoDownloader - INFO - 读取配置文件成功
2024-06-27 17:55:33,508 - CCTVVideoDownloader - INFO - 刷新节目列表...
2024-06-27 17:55:33,508 - CCTVVideoDownloader - INFO - 读取配置文件成功
2024-06-27 17:55:33,508 - CCTVVideoDownloader - INFO - 栏目列表刷新完成
2024-06-27 17:55:33,582 - CCTVVideoDownloader - INFO - 程序初始化完成
2024-06-27 17:55:34,513 - CCTVVideoDownloader - INFO - 选中栏目:《新闻周刊》
2024-06-27 17:55:34,521 - CCTVVideoDownloader - INFO - 刷新视频列表...
2024-06-27 17:55:34,726 - CCTVVideoDownloader - INFO - 视频列表刷新完成
2024-06-27 17:55:35,586 - CCTVVideoDownloader - INFO - 选中节目索引:0
2024-06-27 17:55:36,145 - CCTVVideoDownloader - INFO - 开始下载
2024-06-27 17:55:36,146 - CCTVVideoDownloader - INFO - 使用线程数:5
2024-06-27 17:55:57,452 - CCTVVideoDownloader - INFO - 下载完成
2024-06-27 17:55:57,478 - CCTVVideoDownloader - INFO - 开始视频拼接
2024-06-27 17:55:57,495 - CCTVVideoDownloader - INFO - 下载完成
2024-06-27 17:55:57,495 - CCTVVideoDownloader - INFO - 开始视频拼接
2024-06-27 17:56:07,899 - CCTVVideoDownloader - INFO - 视频拼接完成
2024-06-27 17:56:07,916 - CCTVVideoDownloader - INFO - 视频拼接完成
2024-06-27 17:56:07,916 - CCTVVideoDownloader - INFO - 视频拼接完成
2024-06-27 17:56:07,916 - CCTVVideoDownloader - INFO - 视频拼接完成
2024-06-27 17:56:12,440 - CCTVVideoDownloader - INFO - 选中节目索引:3
2024-06-27 17:56:13,067 - CCTVVideoDownloader - INFO - 开始下载
2024-06-27 17:56:13,067 - CCTVVideoDownloader - INFO - 使用线程数:5
2024-06-27 17:56:31,733 - CCTVVideoDownloader - INFO - 下载完成
2024-06-27 17:56:31,760 - CCTVVideoDownloader - INFO - 开始视频拼接
2024-06-27 17:56:31,781 - CCTVVideoDownloader - INFO - 下载完成
2024-06-27 17:56:31,781 - CCTVVideoDownloader - INFO - 开始视频拼接
2024-06-27 17:56:31,782 - CCTVVideoDownloader - INFO - 下载完成
2024-06-27 17:56:31,782 - CCTVVideoDownloader - INFO - 开始视频拼接
2024-06-27 17:56:31,782 - CCTVVideoDownloader - INFO - 下载完成
2024-06-27 17:56:31,782 - CCTVVideoDownloader - INFO - 开始视频拼接
2024-06-27 17:56:34,354 - CCTVVideoDownloader - INFO - 视频拼接完成
2024-06-27 17:56:34,375 - CCTVVideoDownloader - INFO - 视频拼接完成
2024-06-27 17:56:34,375 - CCTVVideoDownloader - INFO - 视频拼接完成
2024-06-27 17:56:34,375 - CCTVVideoDownloader - INFO - 视频拼接完成
2024-06-27 17:56:34,375 - CCTVVideoDownloader - INFO - 视频拼接完成
2024-06-27 17:56:34,375 - CCTVVideoDownloader - INFO - 视频拼接完成
2024-06-27 17:56:34,375 - CCTVVideoDownloader - INFO - 视频拼接完成
2024-06-27 17:56:34,375 - CCTVVideoDownloader - INFO - 视频拼接完成
2024-06-27 17:56:34,375 - CCTVVideoDownloader - INFO - 视频拼接完成
2024-06-27 17:56:34,375 - CCTVVideoDownloader - INFO - 视频拼接完成
2024-06-27 17:56:34,375 - CCTVVideoDownloader - INFO - 视频拼接完成
2024-06-27 17:56:34,375 - CCTVVideoDownloader - INFO - 视频拼接完成
2024-06-27 17:56:34,375 - CCTVVideoDownloader - INFO - 视频拼接完成
2024-06-27 17:56:34,375 - CCTVVideoDownloader - INFO - 视频拼接完成
2024-06-27 17:56:34,375 - CCTVVideoDownloader - INFO - 视频拼接完成
2024-06-27 17:56:34,375 - CCTVVideoDownloader - INFO - 视频拼接完成
2024-06-27 17:56:34,375 - CCTVVideoDownloader - INFO - 视频拼接完成
2024-06-27 17:56:34,375 - CCTVVideoDownloader - INFO - 视频拼接完成
2024-06-27 17:56:34,375 - CCTVVideoDownloader - INFO - 视频拼接完成
2024-06-27 17:56:34,375 - CCTVVideoDownloader - INFO - 视频拼接完成
2024-06-27 17:56:34,376 - CCTVVideoDownloader - INFO - 视频拼接完成
2024-06-27 17:56:34,376 - CCTVVideoDownloader - INFO - 视频拼接完成
2024-06-27 17:56:34,376 - CCTVVideoDownloader - INFO - 视频拼接完成
2024-06-27 17:56:34,376 - CCTVVideoDownloader - INFO - 视频拼接完成
2024-06-27 17:56:34,376 - CCTVVideoDownloader - INFO - 视频拼接完成
2024-06-27 17:56:34,376 - CCTVVideoDownloader - INFO - 视频拼接完成
2024-06-27 17:56:34,376 - CCTVVideoDownloader - INFO - 视频拼接完成
2024-06-27 17:56:34,376 - CCTVVideoDownloader - INFO - 视频拼接完成
2024-06-27 17:56:34,376 - CCTVVideoDownloader - INFO - 视频拼接完成
2024-06-27 17:56:34,376 - CCTVVideoDownloader - INFO - 视频拼接完成
2024-06-27 17:56:34,376 - CCTVVideoDownloader - INFO - 视频拼接完成
2024-06-27 17:56:34,376 - CCTVVideoDownloader - INFO - 视频拼接完成
2024-06-27 17:56:34,376 - CCTVVideoDownloader - INFO - 视频拼接完成
2024-06-27 17:56:34,376 - CCTVVideoDownloader - INFO - 视频拼接完成
2024-06-27 17:56:34,376 - CCTVVideoDownloader - INFO - 视频拼接完成
2024-06-27 17:56:34,376 - CCTVVideoDownloader - INFO - 视频拼接完成
2024-06-27 18:18:41,861 - CCTVVideoDownloader - INFO - 程序初始化...
2024-06-27 18:18:41,861 - CCTVVideoDownloader - INFO - 加载主UI...
2024-06-27 18:18:42,374 - CCTVVideoDownloader - INFO - 读取配置文件成功
2024-06-27 18:18:42,374 - CCTVVideoDownloader - INFO - 刷新节目列表...
2024-06-27 18:18:42,374 - CCTVVideoDownloader - INFO - 读取配置文件成功
2024-06-27 18:18:42,374 - CCTVVideoDownloader - INFO - 栏目列表刷新完成
2024-06-27 18:18:42,445 - CCTVVideoDownloader - INFO - 程序初始化完成
2024-06-27 18:18:43,298 - CCTVVideoDownloader - INFO - 选中栏目:《新闻周刊》
2024-06-27 18:18:43,299 - CCTVVideoDownloader - INFO - 刷新视频列表...
2024-06-27 18:18:43,595 - CCTVVideoDownloader - INFO - 视频列表刷新完成
2024-06-27 18:18:44,335 - CCTVVideoDownloader - INFO - 选中节目索引:3
2024-06-27 18:18:45,318 - CCTVVideoDownloader - INFO - 开始下载
2024-06-27 18:18:45,318 - CCTVVideoDownloader - INFO - 使用线程数:5
2024-06-27 18:19:05,521 - CCTVVideoDownloader - INFO - 下载完成
2024-06-27 18:19:05,543 - CCTVVideoDownloader - INFO - 开始视频拼接
2024-06-27 18:19:05,562 - CCTVVideoDownloader - INFO - 下载完成
2024-06-27 18:19:05,562 - CCTVVideoDownloader - INFO - 开始视频拼接
2024-06-27 18:19:20,826 - CCTVVideoDownloader - INFO - 视频拼接完成
2024-06-27 18:19:20,850 - CCTVVideoDownloader - INFO - 视频拼接完成
2024-06-27 18:19:20,850 - CCTVVideoDownloader - INFO - 视频拼接完成
2024-06-27 18:19:20,850 - CCTVVideoDownloader - INFO - 视频拼接完成
2024-06-27 18:22:59,323 - CCTVVideoDownloader - INFO - 程序初始化...
2024-06-27 18:22:59,323 - CCTVVideoDownloader - INFO - 加载主UI...
2024-06-27 18:22:59,825 - CCTVVideoDownloader - INFO - 读取配置文件成功
2024-06-27 18:22:59,825 - CCTVVideoDownloader - INFO - 刷新节目列表...
2024-06-27 18:22:59,825 - CCTVVideoDownloader - INFO - 读取配置文件成功
2024-06-27 18:22:59,826 - CCTVVideoDownloader - INFO - 栏目列表刷新完成
2024-06-27 18:22:59,905 - CCTVVideoDownloader - INFO - 程序初始化完成
2024-06-27 18:23:00,817 - CCTVVideoDownloader - INFO - 选中栏目:《新闻周刊》
2024-06-27 18:23:00,817 - CCTVVideoDownloader - INFO - 刷新视频列表...
2024-06-27 18:23:00,964 - CCTVVideoDownloader - INFO - 视频列表刷新完成
2024-06-27 18:23:01,818 - CCTVVideoDownloader - INFO - 选中节目索引:0
2024-06-27 18:23:02,607 - CCTVVideoDownloader - INFO - 开始下载
2024-06-27 18:23:02,607 - CCTVVideoDownloader - INFO - 使用线程数:5
2024-06-27 18:23:20,938 - CCTVVideoDownloader - INFO - 下载完成
2024-06-27 18:23:20,967 - CCTVVideoDownloader - INFO - 开始视频拼接
2024-06-27 18:23:20,987 - CCTVVideoDownloader - INFO - 下载完成
2024-06-27 18:23:20,987 - CCTVVideoDownloader - INFO - 开始视频拼接
2024-06-27 18:24:46,274 - CCTVVideoDownloader - INFO - 程序初始化...
2024-06-27 18:24:46,274 - CCTVVideoDownloader - INFO - 加载主UI...
2024-06-27 18:24:46,775 - CCTVVideoDownloader - INFO - 读取配置文件成功
2024-06-27 18:24:46,775 - CCTVVideoDownloader - INFO - 刷新节目列表...
2024-06-27 18:24:46,775 - CCTVVideoDownloader - INFO - 读取配置文件成功
2024-06-27 18:24:46,776 - CCTVVideoDownloader - INFO - 栏目列表刷新完成
2024-06-27 18:24:46,851 - CCTVVideoDownloader - INFO - 程序初始化完成
2024-06-27 18:24:47,713 - CCTVVideoDownloader - INFO - 选中栏目:《新闻周刊》
2024-06-27 18:24:47,713 - CCTVVideoDownloader - INFO - 刷新视频列表...
2024-06-27 18:24:49,534 - CCTVVideoDownloader - INFO - 视频列表刷新完成
2024-06-27 18:24:50,477 - CCTVVideoDownloader - INFO - 选中节目索引:0
2024-06-27 18:24:51,188 - CCTVVideoDownloader - INFO - 开始下载
2024-06-27 18:24:51,189 - CCTVVideoDownloader - INFO - 使用线程数:5
2024-06-27 18:25:08,783 - CCTVVideoDownloader - INFO - 下载完成
2024-06-27 18:25:08,802 - CCTVVideoDownloader - INFO - 开始视频拼接
2024-06-27 18:25:08,822 - CCTVVideoDownloader - INFO - 下载完成
2024-06-27 18:25:08,822 - CCTVVideoDownloader - INFO - 开始视频拼接
2024-06-27 18:25:26,118 - CCTVVideoDownloader - INFO - 视频拼接完成
2024-06-27 18:25:26,119 - CCTVVideoDownloader - INFO - 视频拼接完成
2024-06-27 18:25:26,119 - CCTVVideoDownloader - INFO - 视频拼接完成
2024-06-27 18:25:26,119 - CCTVVideoDownloader - INFO - 视频拼接完成
2024-06-27 18:27:06,923 - CCTVVideoDownloader - INFO - 程序初始化...
2024-06-27 18:27:06,923 - CCTVVideoDownloader - INFO - 加载主UI...
2024-06-27 18:27:07,402 - CCTVVideoDownloader - INFO - 读取配置文件成功
2024-06-27 18:27:07,402 - CCTVVideoDownloader - INFO - 刷新节目列表...
2024-06-27 18:27:07,402 - CCTVVideoDownloader - INFO - 读取配置文件成功
2024-06-27 18:27:07,402 - CCTVVideoDownloader - INFO - 栏目列表刷新完成
2024-06-27 18:27:07,478 - CCTVVideoDownloader - INFO - 程序初始化完成
2024-06-27 18:27:08,394 - CCTVVideoDownloader - INFO - 选中栏目:《新闻周刊》
2024-06-27 18:27:08,394 - CCTVVideoDownloader - INFO - 刷新视频列表...
2024-06-27 18:27:08,592 - CCTVVideoDownloader - INFO - 视频列表刷新完成
2024-06-27 18:27:09,044 - CCTVVideoDownloader - INFO - 选中节目索引:0
2024-06-27 18:27:09,562 - CCTVVideoDownloader - INFO - 开始下载
2024-06-27 18:27:09,562 - CCTVVideoDownloader - INFO - 使用线程数:5
2024-06-27 18:27:28,096 - CCTVVideoDownloader - INFO - 下载完成
2024-06-27 18:27:28,121 - CCTVVideoDownloader - INFO - 开始视频拼接
2024-06-27 18:27:28,139 - CCTVVideoDownloader - INFO - 下载完成
2024-06-27 18:27:28,139 - CCTVVideoDownloader - INFO - 开始视频拼接
2024-06-27 18:27:30,795 - CCTVVideoDownloader - INFO - 视频拼接完成
2024-06-27 18:27:30,814 - CCTVVideoDownloader - INFO - 视频拼接完成
2024-06-27 18:27:30,815 - CCTVVideoDownloader - INFO - 视频拼接完成
2024-06-27 18:27:30,815 - CCTVVideoDownloader - INFO - 视频拼接完成
2024-06-27 18:30:00,145 - CCTVVideoDownloader - INFO - 程序初始化...
2024-06-27 18:30:00,146 - CCTVVideoDownloader - INFO - 加载主UI...
2024-06-27 18:30:00,576 - CCTVVideoDownloader - INFO - 读取配置文件成功
2024-06-27 18:30:00,576 - CCTVVideoDownloader - INFO - 刷新节目列表...
2024-06-27 18:30:00,576 - CCTVVideoDownloader - INFO - 读取配置文件成功
2024-06-27 18:30:00,576 - CCTVVideoDownloader - INFO - 栏目列表刷新完成
2024-06-27 18:30:00,662 - CCTVVideoDownloader - INFO - 程序初始化完成
2024-06-27 18:30:01,459 - CCTVVideoDownloader - INFO - 选中栏目:《新闻周刊》
2024-06-27 18:30:01,459 - CCTVVideoDownloader - INFO - 刷新视频列表...
2024-06-27 18:30:01,657 - CCTVVideoDownloader - INFO - 视频列表刷新完成
2024-06-27 18:30:02,040 - CCTVVideoDownloader - INFO - 选中节目索引:0
2024-06-27 18:30:02,640 - CCTVVideoDownloader - INFO - 开始下载
2024-06-27 18:30:02,640 - CCTVVideoDownloader - INFO - 使用线程数:5
2024-06-27 18:30:21,990 - CCTVVideoDownloader - INFO - 下载完成
2024-06-27 18:30:22,008 - CCTVVideoDownloader - INFO - 开始视频拼接
2024-06-27 18:30:22,021 - CCTVVideoDownloader - INFO - 下载完成
2024-06-27 18:30:22,021 - CCTVVideoDownloader - INFO - 开始视频拼接
2024-06-27 18:30:24,749 - CCTVVideoDownloader - INFO - 视频拼接完成
2024-06-27 18:30:24,766 - CCTVVideoDownloader - INFO - 视频拼接完成
2024-06-27 18:30:24,766 - CCTVVideoDownloader - INFO - 视频拼接完成
2024-06-27 18:30:24,766 - CCTVVideoDownloader - INFO - 视频拼接完成
